script.ValidLogin log 2021-08-08 10:42:30,145 Extent report initialized 
script.ValidLogin log 2021-08-08 10:42:30,162 XL DP 
script.ValidLogin log 2021-08-08 10:42:30,162 XL DP 
script.ValidLogin log 2021-08-08 10:42:31,199 XL path:./data/input.xlsx XL Sheet:testValidLogin 
script.ValidLogin log 2021-08-08 10:42:31,199 XL path:./data/input.xlsx XL Sheet:testValidLogin 
script.ValidLogin log 2021-08-08 10:42:31,270 Extent Test Created 
script.ValidLogin log 2021-08-08 10:42:31,271 Extent Test Created 
script.ValidLogin log 2021-08-08 10:42:31,271 Using Grid?:YES 
script.ValidLogin log 2021-08-08 10:42:31,272 Using Grid 
script.ValidLogin log 2021-08-08 10:42:31,272 Using Grid?:YES 
script.ValidLogin log 2021-08-08 10:42:31,273 Using Grid 
script.ValidLogin log 2021-08-08 10:42:31,274 hubURL:http://192.168.1.3:4444/wd/hub 
script.ValidLogin log 2021-08-08 10:42:31,274 hubURL:http://192.168.1.3:4444/wd/hub 
script.ValidLogin log 2021-08-08 10:42:31,276 Browser:chrome 
script.ValidLogin log 2021-08-08 10:42:31,276 Browser:firefox 
script.ValidLogin log 2021-08-08 10:42:33,941 Browser launched in grid:chrome 
script.ValidLogin log 2021-08-08 10:42:33,962 ETO:60 
script.ValidLogin log 2021-08-08 10:42:34,012 ITO:60 
script.ValidLogin log 2021-08-08 10:42:34,049 PLT:60 
script.ValidLogin log 2021-08-08 10:42:34,074 STO:60 
script.ValidLogin log 2021-08-08 10:42:36,349 Browser launched in grid:firefox 
script.ValidLogin log 2021-08-08 10:42:36,350 ETO:60 
script.ValidLogin log 2021-08-08 10:42:36,399 ITO:60 
script.ValidLogin log 2021-08-08 10:42:36,428 PLT:60 
script.ValidLogin log 2021-08-08 10:42:36,515 STO:60 
script.ValidLogin log 2021-08-08 10:42:42,323 appUrl:https://demo.actitime.com/login.do 
script.ValidLogin log 2021-08-08 10:42:42,387 Cookies Deleted 
script.ValidLogin log 2021-08-08 10:42:42,516 Browser Maximized 
script.ValidLogin log 2021-08-08 10:42:42,517 Precondition completed 
script.ValidLogin log 2021-08-08 10:42:43,207 Browser is closed 
script.ValidLogin log 2021-08-08 10:42:43,207 Test executed successfully 
script.ValidLogin log 2021-08-08 10:42:43,210 Postcondition completed 
script.ValidLogin log 2021-08-08 10:42:43,214 Extent Test Created 
script.ValidLogin log 2021-08-08 10:42:43,216 Using Grid?:YES 
script.ValidLogin log 2021-08-08 10:42:43,216 Using Grid 
script.ValidLogin log 2021-08-08 10:42:43,217 hubURL:http://192.168.1.3:4444/wd/hub 
script.ValidLogin log 2021-08-08 10:42:43,217 Browser:chrome 
script.ValidLogin log 2021-08-08 10:42:43,875 Browser launched in grid:chrome 
script.ValidLogin log 2021-08-08 10:42:43,879 ETO:60 
script.ValidLogin log 2021-08-08 10:42:43,906 ITO:60 
script.ValidLogin log 2021-08-08 10:42:43,932 PLT:60 
script.ValidLogin log 2021-08-08 10:42:43,968 STO:60 
script.ValidLogin log 2021-08-08 10:42:46,264 appUrl:https://demo.actitime.com/login.do 
script.ValidLogin log 2021-08-08 10:42:46,299 Cookies Deleted 
script.ValidLogin log 2021-08-08 10:42:46,324 Browser Maximized 
script.ValidLogin log 2021-08-08 10:42:46,324 Precondition completed 
script.ValidLogin log 2021-08-08 10:42:47,534 Browser is closed 
script.ValidLogin log 2021-08-08 10:42:47,534 Test executed successfully 
script.ValidLogin log 2021-08-08 10:42:47,535 Postcondition completed 
script.ValidLogin log 2021-08-08 10:42:47,536 Extent Test Created 
script.ValidLogin log 2021-08-08 10:42:47,538 Using Grid?:YES 
script.ValidLogin log 2021-08-08 10:42:47,538 Using Grid 
script.ValidLogin log 2021-08-08 10:42:47,539 hubURL:http://192.168.1.3:4444/wd/hub 
script.ValidLogin log 2021-08-08 10:42:47,540 Browser:firefox 
script.ValidLogin log 2021-08-08 10:42:49,812 Browser launched in grid:firefox 
script.ValidLogin log 2021-08-08 10:42:49,813 ETO:60 
script.ValidLogin log 2021-08-08 10:42:49,865 ITO:60 
script.ValidLogin log 2021-08-08 10:42:49,910 PLT:60 
script.ValidLogin log 2021-08-08 10:42:49,953 STO:60 
script.ValidLogin log 2021-08-08 10:42:51,356 appUrl:https://demo.actitime.com/login.do 
script.ValidLogin log 2021-08-08 10:42:51,415 Cookies Deleted 
script.ValidLogin log 2021-08-08 10:42:51,543 Browser Maximized 
script.ValidLogin log 2021-08-08 10:42:51,543 Precondition completed 
script.ValidLogin log 2021-08-08 10:42:51,966 Browser is closed 
script.ValidLogin log 2021-08-08 10:42:51,966 Test executed successfully 
script.ValidLogin log 2021-08-08 10:42:51,967 Postcondition completed 
script.ValidLogin log 2021-08-08 10:42:58,403 appUrl:https://demo.actitime.com/login.do 
script.ValidLogin log 2021-08-08 10:42:58,441 Cookies Deleted 
script.ValidLogin log 2021-08-08 10:42:58,463 Browser Maximized 
script.ValidLogin log 2021-08-08 10:42:58,464 Precondition completed 
script.ValidLogin log 2021-08-08 10:42:59,463 Browser is closed 
script.ValidLogin log 2021-08-08 10:42:59,464 Test executed successfully 
script.ValidLogin log 2021-08-08 10:42:59,464 Postcondition completed 
script.ValidLogin log 2021-08-08 10:42:59,830 Extent report published 
script.ValidLogin log 2021-08-08 11:30:42,074 Extent report initialized 
script.ValidLogin log 2021-08-08 11:30:42,099 XL DP 
script.ValidLogin log 2021-08-08 11:30:42,099 XL DP 
script.ValidLogin log 2021-08-08 11:30:45,066 XL path:./data/input.xlsx XL Sheet:testValidLogin 
script.ValidLogin log 2021-08-08 11:30:45,066 XL path:./data/input.xlsx XL Sheet:testValidLogin 
script.ValidLogin log 2021-08-08 11:30:45,094 Extent Test Created 
script.ValidLogin log 2021-08-08 11:30:45,094 Extent Test Created 
script.ValidLogin log 2021-08-08 11:30:45,095 Using Grid?:YES 
script.ValidLogin log 2021-08-08 11:30:45,095 Using Grid?:YES 
script.ValidLogin log 2021-08-08 11:30:45,095 Using Grid 
script.ValidLogin log 2021-08-08 11:30:45,095 Using Grid 
script.ValidLogin log 2021-08-08 11:30:45,119 hubURL:http://192.168.1.3:4444/wd/hub 
script.ValidLogin log 2021-08-08 11:30:45,129 hubURL:http://192.168.1.3:4444/wd/hub 
script.ValidLogin log 2021-08-08 11:30:45,138 Browser:chrome 
script.ValidLogin log 2021-08-08 11:30:45,138 Browser:firefox 
script.ValidLogin log 2021-08-08 11:30:49,567 Browser launched in grid:chrome 
script.ValidLogin log 2021-08-08 11:30:49,600 ETO:60 
script.ValidLogin log 2021-08-08 11:30:49,710 ITO:60 
script.ValidLogin log 2021-08-08 11:30:49,779 PLT:60 
script.ValidLogin log 2021-08-08 11:30:49,861 STO:60 
script.ValidLogin log 2021-08-08 11:30:57,616 Browser launched in grid:firefox 
script.ValidLogin log 2021-08-08 11:30:57,627 ETO:60 
script.ValidLogin log 2021-08-08 11:30:57,781 ITO:60 
script.ValidLogin log 2021-08-08 11:30:57,948 PLT:60 
script.ValidLogin log 2021-08-08 11:30:58,056 STO:60 
script.ValidLogin log 2021-08-08 11:31:04,518 appUrl:https://demo.actitime.com/login.do 
script.ValidLogin log 2021-08-08 11:31:04,844 Cookies Deleted 
script.ValidLogin log 2021-08-08 11:31:05,019 Browser Maximized 
script.ValidLogin log 2021-08-08 11:31:05,026 Precondition completed 
script.ValidLogin log 2021-08-08 11:31:08,564 Browser is closed 
script.ValidLogin log 2021-08-08 11:31:08,564 Test executed successfully 
script.ValidLogin log 2021-08-08 11:31:08,565 Postcondition completed 
script.ValidLogin log 2021-08-08 11:31:08,566 Extent Test Created 
script.ValidLogin log 2021-08-08 11:31:08,571 Using Grid?:YES 
script.ValidLogin log 2021-08-08 11:31:08,571 Using Grid 
script.ValidLogin log 2021-08-08 11:31:08,572 hubURL:http://192.168.1.3:4444/wd/hub 
script.ValidLogin log 2021-08-08 11:31:08,572 Browser:chrome 
script.ValidLogin log 2021-08-08 11:31:10,108 Browser launched in grid:chrome 
script.ValidLogin log 2021-08-08 11:31:10,116 ETO:60 
script.ValidLogin log 2021-08-08 11:31:10,193 ITO:60 
script.ValidLogin log 2021-08-08 11:31:10,251 PLT:60 
script.ValidLogin log 2021-08-08 11:31:10,287 STO:60 
script.ValidLogin log 2021-08-08 11:31:11,352 appUrl:https://demo.actitime.com/login.do 
script.ValidLogin log 2021-08-08 11:31:11,375 Cookies Deleted 
script.ValidLogin log 2021-08-08 11:31:11,487 Browser Maximized 
script.ValidLogin log 2021-08-08 11:31:11,487 Precondition completed 
script.ValidLogin log 2021-08-08 11:31:14,397 Browser is closed 
script.ValidLogin log 2021-08-08 11:31:14,405 Test executed successfully 
script.ValidLogin log 2021-08-08 11:31:14,407 Postcondition completed 
script.ValidLogin log 2021-08-08 11:31:14,421 Extent Test Created 
script.ValidLogin log 2021-08-08 11:31:14,425 Using Grid?:YES 
script.ValidLogin log 2021-08-08 11:31:14,427 Using Grid 
script.ValidLogin log 2021-08-08 11:31:14,433 hubURL:http://192.168.1.3:4444/wd/hub 
script.ValidLogin log 2021-08-08 11:31:14,435 Browser:firefox 
script.ValidLogin log 2021-08-08 11:31:21,802 appUrl:https://demo.actitime.com/login.do 
script.ValidLogin log 2021-08-08 11:31:22,063 Cookies Deleted 
script.ValidLogin log 2021-08-08 11:31:22,219 Browser Maximized 
script.ValidLogin log 2021-08-08 11:31:22,234 Precondition completed 
script.ValidLogin log 2021-08-08 11:31:23,580 Browser is closed 
script.ValidLogin log 2021-08-08 11:31:23,584 Test executed successfully 
script.ValidLogin log 2021-08-08 11:31:23,587 Postcondition completed 
script.ValidLogin log 2021-08-08 11:31:24,011 Browser launched in grid:firefox 
script.ValidLogin log 2021-08-08 11:31:24,014 ETO:60 
script.ValidLogin log 2021-08-08 11:31:24,042 ITO:60 
script.ValidLogin log 2021-08-08 11:31:24,109 PLT:60 
script.ValidLogin log 2021-08-08 11:31:24,134 STO:60 
script.ValidLogin log 2021-08-08 11:31:32,730 appUrl:https://demo.actitime.com/login.do 
script.ValidLogin log 2021-08-08 11:31:32,779 Cookies Deleted 
script.ValidLogin log 2021-08-08 11:31:32,811 Browser Maximized 
script.ValidLogin log 2021-08-08 11:31:32,812 Precondition completed 
script.ValidLogin log 2021-08-08 11:31:34,394 Browser is closed 
script.ValidLogin log 2021-08-08 11:31:34,401 Test executed successfully 
script.ValidLogin log 2021-08-08 11:31:34,404 Postcondition completed 
script.ValidLogin log 2021-08-08 11:31:35,140 Extent report published 
